TN:
SF:src/app-test.js
FN:116,(anonymous_0)
FN:126,(anonymous_1)
FN:133,(anonymous_2)
FN:148,(anonymous_3)
FN:184,(anonymous_4)
FN:191,(anonymous_5)
FN:195,(anonymous_6)
FNF:7
FNH:0
FNDA:0,(anonymous_0)
FNDA:0,(anonymous_1)
FNDA:0,(anonymous_2)
FNDA:0,(anonymous_3)
FNDA:0,(anonymous_4)
FNDA:0,(anonymous_5)
FNDA:0,(anonymous_6)
DA:2,0
DA:3,0
DA:5,0
DA:6,0
DA:9,0
DA:10,0
DA:13,0
DA:116,0
DA:117,0
DA:118,0
DA:121,0
DA:124,0
DA:125,0
DA:126,0
DA:127,0
DA:132,0
DA:133,0
DA:134,0
DA:139,0
DA:140,0
DA:141,0
DA:144,0
DA:145,0
DA:146,0
DA:148,0
DA:151,0
DA:152,0
DA:153,0
DA:156,0
DA:172,0
DA:175,0
DA:176,0
DA:184,0
DA:185,0
DA:188,0
DA:191,0
DA:192,0
DA:195,0
DA:196,0
DA:197,0
DA:198,0
DA:199,0
DA:200,0
DA:201,0
DA:202,0
DA:203,0
DA:204,0
DA:205,0
LF:48
LH:0
BRDA:6,0,0,0
BRDA:6,0,1,0
BRDA:118,1,0,0
BRDA:118,2,0,0
BRDA:124,3,0,0
BRDA:124,3,1,0
BRDA:127,4,0,0
BRDA:127,4,1,0
BRDA:132,5,0,0
BRDA:132,5,1,0
BRDA:139,6,0,0
BRDA:139,6,1,0
BRDA:140,7,0,0
BRDA:140,7,1,0
BRDA:145,8,0,0
BRDA:145,8,1,0
BRDA:167,9,0,0
BRDA:167,9,1,0
BRDA:168,10,0,0
BRDA:168,10,1,0
BRF:20
BRH:0
end_of_record
TN:
SF:src/controllers/rankingController.js
FN:9,(anonymous_0)
FNF:1
FNH:1
FNDA:30,(anonymous_0)
DA:1,2
DA:7,2
DA:9,2
DA:10,30
DA:11,30
DA:16,30
DA:17,30
DA:18,28
DA:19,27
DA:20,26
DA:22,5
DA:29,25
DA:32,25
DA:33,8
DA:34,8
DA:38,25
DA:39,8
DA:43,25
DA:44,8
DA:48,25
DA:49,25
DA:52,25
DA:53,25
DA:54,8
DA:55,17
DA:56,4
DA:60,25
DA:67,22
DA:68,21
DA:71,21
DA:88,21
DA:91,4
DA:92,4
DA:99,2
LF:34
LH:34
BRDA:11,0,0,26
BRDA:11,1,0,27
BRDA:32,2,0,8
BRDA:32,2,1,17
BRDA:38,3,0,8
BRDA:38,3,1,17
BRDA:43,4,0,8
BRDA:43,4,1,17
BRDA:53,5,0,8
BRDA:53,5,1,17
BRDA:55,6,0,4
BRDA:55,6,1,13
BRDA:82,7,0,21
BRDA:82,7,1,13
BRDA:83,8,0,21
BRDA:83,8,1,13
BRDA:84,9,0,21
BRDA:84,9,1,13
BRF:18
BRH:18
end_of_record
TN:
SF:src/models/university.model.js
FNF:0
FNH:0
DA:1,2
DA:3,2
DA:37,2
DA:38,2
LF:4
LH:4
BRF:0
BRH:0
end_of_record
TN:
SF:src/routes/rankingRoutes.js
FNF:0
FNH:0
DA:1,0
DA:2,0
DA:3,0
DA:5,0
DA:8,0
DA:10,0
LF:6
LH:0
BRF:0
BRH:0
end_of_record
TN:
SF:src/utils/validation.js
FN:63,(anonymous_0)
FN:69,(anonymous_1)
FN:80,(anonymous_2)
FN:91,(anonymous_3)
FN:96,(anonymous_4)
FN:106,(anonymous_5)
FN:117,(anonymous_6)
FNF:7
FNH:5
FNDA:0,(anonymous_0)
FNDA:0,(anonymous_1)
FNDA:19,(anonymous_2)
FNDA:16,(anonymous_3)
FNDA:49,(anonymous_4)
FNDA:11,(anonymous_5)
FNDA:18,(anonymous_6)
DA:1,1
DA:4,1
DA:19,1
DA:30,1
DA:33,1
DA:63,1
DA:64,0
DA:65,0
DA:66,0
DA:69,0
DA:76,0
DA:80,1
DA:81,19
DA:83,15
DA:84,3
DA:87,12
DA:91,1
DA:92,16
DA:95,12
DA:96,49
DA:98,12
DA:99,3
DA:102,9
DA:106,1
DA:107,11
DA:109,7
DA:110,4
DA:113,3
DA:117,1
DA:118,18
DA:119,18
DA:121,18
DA:122,2
DA:125,16
DA:126,0
DA:129,16
DA:132,1
LF:37
LH:31
BRDA:65,0,0,0
BRDA:65,0,1,0
BRDA:81,1,0,4
BRDA:81,1,1,15
BRDA:83,2,0,3
BRDA:83,2,1,12
BRDA:92,3,0,4
BRDA:92,3,1,12
BRDA:98,4,0,3
BRDA:98,4,1,9
BRDA:107,5,0,4
BRDA:107,5,1,7
BRDA:109,6,0,4
BRDA:109,6,1,3
BRDA:118,7,0,18
BRDA:118,7,1,6
BRDA:119,8,0,18
BRDA:119,8,1,6
BRDA:121,9,0,2
BRDA:121,9,1,16
BRDA:125,10,0,0
BRDA:125,10,1,16
BRDA:125,11,0,16
BRDA:125,11,1,16
BRF:24
BRH:21
end_of_record
