TN:
SF:src/controllers/rankingController.js
FN:3,(anonymous_0)
FNF:1
FNH:1
FNDA:25,(anonymous_0)
DA:1,2
DA:3,2
DA:4,25
DA:5,25
DA:8,25
DA:11,25
DA:12,5
DA:13,5
DA:17,25
DA:18,8
DA:22,25
DA:23,25
DA:24,25
DA:27,25
DA:28,25
DA:29,5
DA:33,25
DA:40,21
DA:41,20
DA:44,20
DA:60,20
DA:63,5
DA:64,5
DA:71,2
LF:24
LH:24
BRDA:5,0,0,18
BRDA:5,1,0,19
BRDA:11,2,0,5
BRDA:11,2,1,20
BRDA:17,3,0,8
BRDA:17,3,1,17
BRDA:28,4,0,5
BRDA:28,4,1,20
BRDA:55,5,0,20
BRDA:55,5,1,15
BRDA:56,6,0,20
BRDA:56,6,1,12
BRF:12
BRH:12
end_of_record
TN:
SF:src/models/university.model.js
FNF:0
FNH:0
DA:1,2
DA:3,2
DA:37,2
DA:38,2
LF:4
LH:4
BRF:0
BRH:0
end_of_record
TN:
SF:src/routes/rankingRoutes.js
FNF:0
FNH:0
DA:1,1
DA:2,1
DA:4,1
DA:7,1
DA:9,1
LF:5
LH:5
BRF:0
BRH:0
end_of_record
